11/19/2023 3:35:51 PM / info -> Capturing: /Volumes/Freebox/Nanny/1700404551089.avi
11/19/2023 3:36:08 PM / info -> Capturing: /Volumes/Freebox/Nanny/1700404568058.avi
11/19/2023 3:36:23 PM / info -> Capturing: /Volumes/Freebox/Nanny/1700404583915.avi
11/19/2023 3:36:39 PM / info -> Capturing: /Volumes/Freebox/Nanny/1700404599698.avi
11/19/2023 3:36:55 PM / info -> Capturing: /Volumes/Freebox/Nanny/1700404615434.avi
11/19/2023 3:37:11 PM / info -> Capturing: /Volumes/Freebox/Nanny/1700404631293.avi
11/19/2023 3:37:27 PM / info -> Capturing: /Volumes/Freebox/Nanny/1700404647076.avi
11/19/2023 3:37:42 PM / info -> Capturing: /Volumes/Freebox/Nanny/1700404662826.avi
11/19/2023 3:37:58 PM / info -> Capturing: /Volumes/Freebox/Nanny/1700404678631.avi
11/19/2023 3:38:14 PM / info -> Capturing: /Volumes/Freebox/Nanny/1700404694510.avi
11/19/2023 3:38:30 PM / info -> Capturing: /Volumes/Freebox/Nanny/1700404710552.avi
11/19/2023 3:39:12 PM / info -> Capturing: /Volumes/Freebox/Nanny/1700404752972.avi
11/19/2023 3:39:29 PM / info -> Capturing: /Volumes/Freebox/Nanny/1700404769990.avi
11/19/2023 3:39:45 PM / info -> Capturing: /Volumes/Freebox/Nanny/1700404785744.avi
11/19/2023 3:40:01 PM / info -> Capturing: /Volumes/Freebox/Nanny/1700404801523.avi
11/19/2023 3:40:17 PM / info -> Capturing: /Volumes/Freebox/Nanny/1700404817441.avi
11/19/2023 3:40:33 PM / info -> Capturing: /Volumes/Freebox/Nanny/1700404833170.avi
11/19/2023 3:40:48 PM / info -> Capturing: /Volumes/Freebox/Nanny/1700404848984.avi
11/19/2023 3:41:04 PM / info -> Capturing: /Volumes/Freebox/Nanny/1700404864773.avi
11/19/2023 3:41:20 PM / info -> Capturing: /Volumes/Freebox/Nanny/1700404880611.avi
11/19/2023 3:41:36 PM / info -> Capturing: /Volumes/Freebox/Nanny/1700404896391.avi
11/19/2023 3:41:52 PM / info -> Capturing: /Volumes/Freebox/Nanny/1700404912143.avi
11/19/2023 3:42:07 PM / info -> Capturing: /Volumes/Freebox/Nanny/1700404927951.avi
11/19/2023 3:42:23 PM / info -> Capturing: /Volumes/Freebox/Nanny/1700404943722.avi
11/19/2023 3:42:39 PM / info -> Capturing: /Volumes/Freebox/Nanny/1700404959548.avi
11/19/2023 3:42:55 PM / info -> Capturing: /Volumes/Freebox/Nanny/1700404975277.avi
11/19/2023 3:43:11 PM / info -> Capturing: /Volumes/Freebox/Nanny/1700404991116.avi
11/19/2023 3:43:26 PM / info -> Capturing: /Volumes/Freebox/Nanny/1700405006988.avi
11/19/2023 3:43:42 PM / info -> Capturing: /Volumes/Freebox/Nanny/1700405022801.avi
11/19/2023 3:43:58 PM / info -> Capturing: /Volumes/Freebox/Nanny/1700405038576.avi
11/19/2023 3:44:14 PM / info -> Capturing: /Volumes/Freebox/Nanny/1700405054406.avi
11/19/2023 3:44:30 PM / info -> Merging: /Volumes/Freebox/Nanny/1700405070218.avi
11/19/2023 4:15:07 PM / info -> Merging: /Volumes/Freebox/Nanny/1700406907278.avi
11/19/2023 4:15:27 PM / info -> Merging: /Volumes/Freebox/Nanny/1700406927682.avi
11/19/2023 4:15:36 PM / info -> Merging: /Volumes/Freebox/Nanny/1700406936439.avi
11/19/2023 4:16:32 PM / info -> Merging: /Volumes/Freebox/Nanny/1700406992008.avi
11/19/2023 4:16:42 PM / info -> Capturing: /Volumes/Freebox/Nanny/1700407002468.avi
11/19/2023 4:16:59 PM / info -> Capturing: /Volumes/Freebox/Nanny/1700407019590.avi
11/19/2023 4:17:15 PM / info -> Capturing: /Volumes/Freebox/Nanny/1700407035428.avi
11/19/2023 4:17:31 PM / info -> Capturing: /Volumes/Freebox/Nanny/1700407051309.avi
11/19/2023 4:17:49 PM / info -> Capturing: /Volumes/Freebox/Nanny/1700407069243.avi
11/19/2023 4:18:05 PM / info -> Capturing: /Volumes/Freebox/Nanny/1700407085101.avi
11/19/2023 4:18:20 PM / info -> Capturing: /Volumes/Freebox/Nanny/1700407100985.avi
11/19/2023 4:18:36 PM / info -> Capturing: /Volumes/Freebox/Nanny/1700407116873.avi
11/19/2023 4:18:52 PM / info -> Capturing: /Volumes/Freebox/Nanny/1700407132698.avi
11/19/2023 4:19:08 PM / info -> Capturing: /Volumes/Freebox/Nanny/1700407148547.avi
11/19/2023 4:19:24 PM / info -> Capturing: /Volumes/Freebox/Nanny/1700407164394.avi
11/19/2023 4:19:40 PM / info -> Capturing: /Volumes/Freebox/Nanny/1700407180212.avi
11/19/2023 4:19:56 PM / info -> Capturing: /Volumes/Freebox/Nanny/1700407196061.avi
11/19/2023 4:20:11 PM / info -> Capturing: /Volumes/Freebox/Nanny/1700407211918.avi
11/19/2023 4:20:27 PM / info -> Capturing: /Volumes/Freebox/Nanny/1700407227818.avi
11/19/2023 4:20:44 PM / info -> Capturing: /Volumes/Freebox/Nanny/1700407244972.avi
11/19/2023 4:21:00 PM / info -> Capturing: /Volumes/Freebox/Nanny/1700407260812.avi
11/19/2023 4:21:16 PM / info -> Capturing: /Volumes/Freebox/Nanny/1700407276615.avi
11/19/2023 4:21:32 PM / info -> Capturing: /Volumes/Freebox/Nanny/1700407292391.avi
11/19/2023 4:21:48 PM / info -> Capturing: /Volumes/Freebox/Nanny/1700407308258.avi
11/19/2023 4:22:04 PM / info -> Merging: /Volumes/Freebox/Nanny/1700407324306.avi
11/19/2023 4:26:29 PM / info -> Merging: /Volumes/Freebox/Nanny/1700407589454.avi
11/19/2023 4:29:06 PM / info -> Merging: /Volumes/Freebox/Nanny/1700407746484.avi
11/19/2023 4:29:46 PM / info -> Merging: /Volumes/Freebox/Nanny/1700407786159.avi
11/19/2023 4:30:41 PM / info -> Capturing: /Volumes/Freebox/Nanny/1700407841100.avi
11/19/2023 4:30:57 PM / info -> Capturing: /Volumes/Freebox/Nanny/1700407857573.avi
11/19/2023 4:31:14 PM / info -> Capturing: /Volumes/Freebox/Nanny/1700407874921.avi
11/19/2023 4:31:30 PM / info -> Capturing: /Volumes/Freebox/Nanny/1700407890709.avi
11/19/2023 4:31:46 PM / info -> Capturing: /Volumes/Freebox/Nanny/1700407906521.avi
11/19/2023 4:32:02 PM / info -> Capturing: /Volumes/Freebox/Nanny/1700407922391.avi
11/19/2023 4:32:18 PM / info -> Capturing: /Volumes/Freebox/Nanny/1700407938271.avi
11/19/2023 4:32:34 PM / info -> Capturing: /Volumes/Freebox/Nanny/1700407954116.avi
11/19/2023 4:32:50 PM / info -> Merging: /Volumes/Freebox/Nanny/1700407970085.avi
11/19/2023 4:34:10 PM / info -> Merging: /Volumes/Freebox/Nanny/1700408050621.avi
11/19/2023 4:34:28 PM / info -> Merging: /Volumes/Freebox/Nanny/1700408068865.avi
11/19/2023 4:35:14 PM / info -> Merging: /Volumes/Freebox/Nanny/1700408114037.avi
11/19/2023 4:35:26 PM / info -> Merging: /Volumes/Freebox/Nanny/1700408126485.avi
11/19/2023 4:35:46 PM / info -> Merging: /Volumes/Freebox/Nanny/1700408146446.avi
11/19/2023 4:37:27 PM / info -> Merging: /Volumes/Freebox/Nanny/1700408247978.avi
11/19/2023 4:41:14 PM / info -> Merging: /Volumes/Freebox/Nanny/1700408474757.avi
11/19/2023 4:41:58 PM / info -> Merging: /Volumes/Freebox/Nanny/1700408518036.avi
11/19/2023 4:42:56 PM / info -> Merging: /Volumes/Freebox/Nanny/1700408576157.avi
11/19/2023 4:43:10 PM / info -> Merging: /Volumes/Freebox/Nanny/1700408590903.avi
11/19/2023 4:59:36 PM / info -> Merging: /Volumes/Freebox/Nanny/1700409576231.avi
11/19/2023 4:59:45 PM / info -> Merging: /Volumes/Freebox/Nanny/1700409585591.avi
11/19/2023 5:00:08 PM / info -> Merging: /Volumes/Freebox/Nanny/1700409608513.avi
11/19/2023 5:01:04 PM / info -> Merging: /Volumes/Freebox/Nanny/1700409664559.avi
11/19/2023 5:01:14 PM / info -> Merging: /Volumes/Freebox/Nanny/1700409674520.avi
11/19/2023 5:01:26 PM / info -> Merging: /Volumes/Freebox/Nanny/1700409686853.avi
11/19/2023 5:01:36 PM / info -> Merging: /Volumes/Freebox/Nanny/1700409696425.avi
11/19/2023 5:01:42 PM / info -> Merging: /Volumes/Freebox/Nanny/1700409702435.avi
11/19/2023 5:03:50 PM / info -> Merging: /Volumes/Freebox/Nanny/1700409830984.avi
11/19/2023 5:10:03 PM / info -> Merging: /Volumes/Freebox/Nanny/1700410203860.avi
11/19/2023 5:17:55 PM / info -> Merging: /Volumes/Freebox/Nanny/1700410675726.avi
11/19/2023 5:19:40 PM / info -> Merging: /Volumes/Freebox/Nanny/1700410780847.avi
11/19/2023 5:23:28 PM / info -> Merging: /Volumes/Freebox/Nanny/1700411008137.avi
11/19/2023 5:29:32 PM / info -> Merging: /Volumes/Freebox/Nanny/1700411372455.avi
11/19/2023 5:32:33 PM / info -> Merging: /Volumes/Freebox/Nanny/1700411553697.avi
11/19/2023 5:33:26 PM / info -> Merging: /Volumes/Freebox/Nanny/1700411606767.avi
11/19/2023 5:33:49 PM / info -> Merging: /Volumes/Freebox/Nanny/1700411629102.avi
11/19/2023 5:33:55 PM / info -> Merging: /Volumes/Freebox/Nanny/1700411635912.avi
11/19/2023 5:36:40 PM / info -> Merging: /Volumes/Freebox/Nanny/1700411800685.avi
11/19/2023 5:37:09 PM / info -> Merging: /Volumes/Freebox/Nanny/1700411829826.avi
11/19/2023 5:42:06 PM / info -> Merging: /Volumes/Freebox/Nanny/1700412126136.avi
11/19/2023 5:42:46 PM / info -> Merging: /Volumes/Freebox/Nanny/1700412166140.avi
11/19/2023 5:47:27 PM / info -> Merging: /Volumes/Freebox/Nanny/1700412447699.avi
11/19/2023 5:47:42 PM / info -> Merging: /Volumes/Freebox/Nanny/1700412462101.avi
11/19/2023 5:54:18 PM / info -> Merging: /Volumes/Freebox/Nanny/1700412858279.avi
11/19/2023 6:06:01 PM / info -> Merging: /Volumes/Freebox/Nanny/1700413561663.avi
11/19/2023 6:06:35 PM / info -> Merging: /Volumes/Freebox/Nanny/1700413595002.avi
11/19/2023 6:11:46 PM / info -> Merging: /Volumes/Freebox/Nanny/1700413906230.avi
11/19/2023 6:12:04 PM / info -> Merging: /Volumes/Freebox/Nanny/1700413924688.avi
11/19/2023 6:12:17 PM / info -> Merging: /Volumes/Freebox/Nanny/1700413937703.avi
11/19/2023 6:41:04 PM / info -> Merging: /Volumes/Freebox/Nanny/1700415664554.avi
11/19/2023 6:41:36 PM / info -> Merging: /Volumes/Freebox/Nanny/1700415696483.avi
11/19/2023 6:42:26 PM / info -> Merging: /Volumes/Freebox/Nanny/1700415746852.avi
11/19/2023 6:42:39 PM / info -> Merging: /Volumes/Freebox/Nanny/1700415759348.avi
11/19/2023 6:42:58 PM / info -> Merging: /Volumes/Freebox/Nanny/1700415778286.avi
11/19/2023 6:43:11 PM / info -> Merging: /Volumes/Freebox/Nanny/1700415791949.avi
11/19/2023 6:43:20 PM / info -> Merging: /Volumes/Freebox/Nanny/1700415800840.avi
11/19/2023 6:43:49 PM / info -> Merging: /Volumes/Freebox/Nanny/1700415829033.avi
11/19/2023 6:47:03 PM / info -> Merging: /Volumes/Freebox/Nanny/1700416022988.avi
11/19/2023 6:50:12 PM / info -> Merging: /Volumes/Freebox/Nanny/1700416212346.avi
11/19/2023 6:50:26 PM / info -> Merging: /Volumes/Freebox/Nanny/1700416226186.avi
11/19/2023 6:50:37 PM / info -> Merging: /Volumes/Freebox/Nanny/1700416237377.avi
11/19/2023 6:51:20 PM / info -> Merging: /Volumes/Freebox/Nanny/1700416280621.avi
11/19/2023 6:53:22 PM / info -> Merging: /Volumes/Freebox/Nanny/1700416402772.avi
11/19/2023 7:01:37 PM / info -> Merging: /Volumes/Freebox/Nanny/1700416897568.avi
11/19/2023 7:03:17 PM / info -> Merging: /Volumes/Freebox/Nanny/1700416997151.avi
11/19/2023 7:04:07 PM / info -> Merging: /Volumes/Freebox/Nanny/1700417047195.avi
11/19/2023 7:15:37 PM / info -> Capturing: /Volumes/Freebox/Nanny/1700417737637.avi
11/19/2023 7:15:55 PM / info -> Capturing: /Volumes/Freebox/Nanny/1700417755154.avi
11/19/2023 7:16:10 PM / info -> Merging: /Volumes/Freebox/Nanny/1700417770972.avi
11/19/2023 7:18:32 PM / info -> Capturing: /Volumes/Freebox/Nanny/1700417912362.avi
11/19/2023 7:18:43 PM / info -> Capturing: /Volumes/Freebox/Nanny/1700417923305.avi
11/19/2023 7:18:50 PM / info -> Merging: /Volumes/Freebox/Nanny/1700417930024.avi
11/19/2023 7:40:40 PM / info -> Capturing: /Volumes/Freebox/Nanny/1700419240178.avi
11/19/2023 7:40:51 PM / info -> Capturing: /Volumes/Freebox/Nanny/1700419251134.avi
11/19/2023 7:40:58 PM / info -> Merging: /Volumes/Freebox/Nanny/1700419258067.avi
11/19/2023 7:41:37 PM / info -> Capturing: /Volumes/Freebox/Nanny/1700419297513.avi
11/19/2023 7:41:48 PM / info -> Capturing: /Volumes/Freebox/Nanny/1700419308409.avi
11/19/2023 7:41:55 PM / info -> Merging: /Volumes/Freebox/Nanny/1700419315213.avi
11/19/2023 7:44:36 PM / info -> Capturing: /Volumes/Freebox/Nanny/1700419476325.avi
11/19/2023 7:44:47 PM / info -> Capturing: /Volumes/Freebox/Nanny/1700419487238.avi
11/19/2023 7:44:53 PM / info -> Merging: /Volumes/Freebox/Nanny/1700419493977.avi
11/19/2023 7:46:52 PM / info -> Capturing: /Volumes/Freebox/Nanny/1700419612363.avi
11/19/2023 7:47:03 PM / info -> Capturing: /Volumes/Freebox/Nanny/1700419623444.avi
11/19/2023 7:47:10 PM / info -> Merging: /Volumes/Freebox/Nanny/1700419630227.avi
11/19/2023 7:47:48 PM / info -> Capturing: /Volumes/Freebox/Nanny/1700419668594.avi
11/19/2023 7:47:59 PM / info -> Capturing: /Volumes/Freebox/Nanny/1700419679465.avi
11/19/2023 7:48:06 PM / info -> Merging: /Volumes/Freebox/Nanny/1700419686187.avi
11/19/2023 7:50:09 PM / info -> Capturing: /Volumes/Freebox/Nanny/1700419809183.avi
11/19/2023 7:50:28 PM / info -> Capturing: /Volumes/Freebox/Nanny/1700419828425.avi
11/19/2023 7:51:31 PM / info -> Capturing: /Volumes/Freebox/Nanny/1700419891896.avi
11/19/2023 7:52:32 PM / info -> Capturing: /Volumes/Freebox/Nanny/1700419952714.avi
11/19/2023 7:53:33 PM / info -> Capturing: /Volumes/Freebox/Nanny/1700420013540.avi
11/19/2023 7:54:35 PM / info -> Capturing: /Volumes/Freebox/Nanny/1700420075776.avi
11/19/2023 7:55:37 PM / info -> Capturing: /Volumes/Freebox/Nanny/1700420137224.avi
11/19/2023 7:56:38 PM / info -> Capturing: /Volumes/Freebox/Nanny/1700420198232.avi
11/19/2023 7:57:39 PM / info -> Capturing: /Volumes/Freebox/Nanny/1700420259117.avi
11/19/2023 7:58:40 PM / info -> Capturing: /Volumes/Freebox/Nanny/1700420320469.avi
11/19/2023 7:59:45 PM / info -> Capturing: /Volumes/Freebox/Nanny/1700420385407.avi
11/19/2023 8:00:52 PM / info -> Merging: /Volumes/Freebox/Nanny/1700420452723.avi
11/19/2023 8:53:21 PM / info -> Merging: /Volumes/Freebox/Nanny/1700423601061.avi
11/19/2023 8:54:32 PM / info -> Merging: /Volumes/Freebox/Nanny/1700423672235.avi
11/19/2023 8:54:50 PM / info -> Merging: /Volumes/Freebox/Nanny/1700423690166.avi
11/19/2023 8:55:28 PM / info -> Merging: /Volumes/Freebox/Nanny/1700423728909.avi
11/19/2023 8:56:17 PM / info -> Merging: /Volumes/Freebox/Nanny/1700423777098.avi
11/19/2023 9:07:12 PM / info -> Merging: /Volumes/Freebox/Nanny/1700424432782.avi
11/19/2023 9:07:36 PM / info -> Merging: /Volumes/Freebox/Nanny/1700424456016.avi
11/19/2023 9:12:15 PM / info -> Merging: /Volumes/Freebox/Nanny/1700424735163.avi
11/19/2023 9:15:00 PM / info -> Merging: /Volumes/Freebox/Nanny/1700424900223.avi
11/19/2023 9:15:55 PM / info -> Merging: /Volumes/Freebox/Nanny/1700424955621.avi
11/19/2023 9:17:46 PM / info -> Merging: /Volumes/Freebox/Nanny/1700425066178.avi
11/19/2023 9:18:32 PM / info -> Merging: /Volumes/Freebox/Nanny/1700425112941.avi
11/19/2023 9:19:00 PM / info -> Merging: /Volumes/Freebox/Nanny/1700425140391.avi
11/19/2023 9:19:41 PM / info -> Merging: /Volumes/Freebox/Nanny/1700425181188.avi
11/19/2023 9:20:12 PM / info -> Merging: /Volumes/Freebox/Nanny/1700425212202.avi
11/19/2023 9:20:32 PM / info -> Merging: /Volumes/Freebox/Nanny/1700425232858.avi
11/19/2023 9:21:01 PM / info -> Merging: /Volumes/Freebox/Nanny/1700425261430.avi
11/19/2023 9:21:34 PM / info -> Merging: /Volumes/Freebox/Nanny/1700425294296.avi
11/19/2023 9:21:47 PM / info -> Merging: /Volumes/Freebox/Nanny/1700425307465.avi
11/19/2023 9:23:28 PM / info -> Merging: /Volumes/Freebox/Nanny/1700425408231.avi
11/19/2023 9:23:39 PM / info -> Merging: /Volumes/Freebox/Nanny/1700425419860.avi
11/19/2023 9:23:47 PM / info -> Merging: /Volumes/Freebox/Nanny/1700425427002.avi
11/19/2023 9:23:57 PM / info -> Merging: /Volumes/Freebox/Nanny/1700425437722.avi
11/19/2023 9:25:00 PM / info -> Merging: /Volumes/Freebox/Nanny/1700425500904.avi
11/19/2023 9:25:45 PM / info -> Merging: /Volumes/Freebox/Nanny/1700425545053.avi
11/19/2023 9:26:21 PM / info -> Merging: /Volumes/Freebox/Nanny/1700425581748.avi
11/19/2023 9:26:35 PM / info -> Merging: /Volumes/Freebox/Nanny/1700425595380.avi
11/19/2023 9:26:47 PM / info -> Merging: /Volumes/Freebox/Nanny/1700425607398.avi
11/19/2023 9:28:10 PM / info -> Merging: /Volumes/Freebox/Nanny/1700425690280.avi
11/19/2023 9:30:07 PM / info -> Merging: /Volumes/Freebox/Nanny/1700425807835.avi
11/19/2023 9:30:29 PM / info -> Merging: /Volumes/Freebox/Nanny/1700425829736.avi
11/19/2023 9:30:49 PM / info -> Merging: /Volumes/Freebox/Nanny/1700425849645.avi
11/19/2023 9:32:21 PM / info -> Merging: /Volumes/Freebox/Nanny/1700425941181.avi
11/19/2023 9:33:38 PM / info -> Merging: /Volumes/Freebox/Nanny/1700426018166.avi
11/19/2023 9:33:38 PM / info -> Capturing: /Volumes/Freebox/Nanny/1700426018179.avi
11/19/2023 9:34:21 PM / info -> Merging: /Volumes/Freebox/Nanny/1700426060991.avi
11/19/2023 9:34:21 PM / info -> Capturing: /Volumes/Freebox/Nanny/1700426061003.avi
11/19/2023 9:37:00 PM / info -> Capturing: /Volumes/Freebox/Nanny/1700426220458.avi
11/19/2023 9:37:17 PM / info -> Capturing: /Volumes/Freebox/Nanny/1700426237473.avi
11/19/2023 9:37:33 PM / info -> Capturing: /Volumes/Freebox/Nanny/1700426253252.avi
11/19/2023 9:37:49 PM / info -> Capturing: /Volumes/Freebox/Nanny/1700426269068.avi
11/19/2023 9:38:04 PM / info -> Merging: /Volumes/Freebox/Nanny/1700426284962.avi
11/19/2023 9:40:55 PM / info -> Capturing: /Volumes/Freebox/Nanny/1700426455084.avi
11/19/2023 9:41:12 PM / info -> Capturing: /Volumes/Freebox/Nanny/1700426472164.avi
11/19/2023 9:41:27 PM / info -> Capturing: /Volumes/Freebox/Nanny/1700426487994.avi
11/19/2023 9:41:43 PM / info -> Capturing: /Volumes/Freebox/Nanny/1700426503797.avi
11/19/2023 9:41:59 PM / info -> Merging: /Volumes/Freebox/Nanny/1700426519625.avi
11/19/2023 9:46:23 PM / info -> Capturing: /Volumes/Freebox/Nanny/1700426783631.avi
11/19/2023 9:46:29 PM / info -> Capturing: /Volumes/Freebox/Nanny/1700426789656.avi
11/19/2023 9:46:45 PM / info -> Capturing: /Volumes/Freebox/Nanny/1700426805446.avi
11/19/2023 9:47:01 PM / info -> Capturing: /Volumes/Freebox/Nanny/1700426821345.avi
11/19/2023 9:47:17 PM / info -> Capturing: /Volumes/Freebox/Nanny/1700426837187.avi
11/19/2023 9:47:32 PM / info -> Merging: /Volumes/Freebox/Nanny/1700426852978.avi
11/19/2023 9:48:12 PM / info -> Capturing undefined/undefined: /Volumes/Freebox/Nanny/1700426892656.avi
11/19/2023 9:49:07 PM / info -> Capturing 1/4: /Volumes/Freebox/Nanny/1700426946995.avi
11/19/2023 9:49:24 PM / info -> Capturing 2/4: /Volumes/Freebox/Nanny/1700426964079.avi
11/19/2023 9:50:17 PM / info -> Capturing 1/4: /Volumes/Freebox/Nanny/1700427017423.avi
11/19/2023 9:50:34 PM / info -> Capturing 2/4: /Volumes/Freebox/Nanny/1700427034483.avi
11/19/2023 9:50:50 PM / info -> Capturing 3/4: /Volumes/Freebox/Nanny/1700427050339.avi
11/19/2023 9:51:06 PM / info -> Capturing 4/4: /Volumes/Freebox/Nanny/1700427066177.avi
11/19/2023 9:51:22 PM / info -> Merging: /Volumes/Freebox/Nanny/1700427082030.avi
11/19/2023 9:54:58 PM / info -> Capturing 1/4: /Volumes/Freebox/Nanny/1700427298639.avi
11/19/2023 9:55:26 PM / info -> Capturing 1/3.3333333333333335: /Volumes/Freebox/Nanny/1700427326958.avi
11/19/2023 9:55:38 PM / info -> Capturing 2/3.3333333333333335: /Volumes/Freebox/Nanny/1700427338296.avi
11/19/2023 9:55:48 PM / info -> Capturing 3/3.3333333333333335: /Volumes/Freebox/Nanny/1700427348131.avi
11/19/2023 9:55:59 PM / info -> Capturing 3.3333333333333335/3.3333333333333335: /Volumes/Freebox/Nanny/1700427359339.avi
11/19/2023 9:56:03 PM / info -> Merging: /Volumes/Freebox/Nanny/1700427363080.avi
11/19/2023 9:57:01 PM / info -> Capturing 1/3.3333333333333335: /Volumes/Freebox/Nanny/1700427421891.avi
11/19/2023 9:57:12 PM / info -> Capturing 2/3.3333333333333335: /Volumes/Freebox/Nanny/1700427432977.avi
11/19/2023 9:57:22 PM / info -> Capturing 3/3.3333333333333335: /Volumes/Freebox/Nanny/1700427442955.avi
11/19/2023 9:57:32 PM / info -> Capturing 3.3333333333333335/3.3333333333333335: /Volumes/Freebox/Nanny/1700427452787.avi
11/19/2023 9:57:36 PM / info -> Merging: /Volumes/Freebox/Nanny/1700427456568.avi
11/19/2023 9:58:07 PM / info -> Capturing 1/5: /Volumes/Freebox/Nanny/1700427487070.avi
11/19/2023 9:59:09 PM / info -> Capturing 2/5: /Volumes/Freebox/Nanny/1700427549014.avi
11/19/2023 10:00:09 PM / info -> Capturing 3/5: /Volumes/Freebox/Nanny/1700427609967.avi
11/19/2023 10:01:10 PM / info -> Capturing 4/5: /Volumes/Freebox/Nanny/1700427670911.avi
11/19/2023 10:02:12 PM / info -> Capturing 5/5: /Volumes/Freebox/Nanny/1700427732206.avi
11/19/2023 10:03:14 PM / info -> Merging: /Volumes/Freebox/Nanny/1700427794509.avi
11/20/2023 9:26:18 AM / info -> Capturing 1/12: /Volumes/Freebox/Nanny/1700468778221.avi
11/20/2023 9:31:20 AM / info -> Capturing 2/12: /Volumes/Freebox/Nanny/1700469080884.avi
11/20/2023 9:36:22 AM / info -> Capturing 3/12: /Volumes/Freebox/Nanny/1700469382391.avi
11/20/2023 9:41:23 AM / info -> Capturing 4/12: /Volumes/Freebox/Nanny/1700469683552.avi
11/20/2023 9:46:26 AM / info -> Capturing 5/12: /Volumes/Freebox/Nanny/1700469986075.avi
11/20/2023 9:51:27 AM / info -> Capturing 6/12: /Volumes/Freebox/Nanny/1700470287079.avi
11/20/2023 9:56:28 AM / info -> Capturing 7/12: /Volumes/Freebox/Nanny/1700470588791.avi
11/20/2023 10:01:31 AM / info -> Capturing 8/12: /Volumes/Freebox/Nanny/1700470891338.avi
11/20/2023 10:06:32 AM / info -> Capturing 9/12: /Volumes/Freebox/Nanny/1700471192892.avi
11/20/2023 10:11:33 AM / info -> Capturing 10/12: /Volumes/Freebox/Nanny/1700471493985.avi
11/20/2023 10:16:35 AM / info -> Capturing 11/12: /Volumes/Freebox/Nanny/1700471795050.avi
11/20/2023 10:21:36 AM / info -> Capturing 12/12: /Volumes/Freebox/Nanny/1700472096004.avi
11/20/2023 10:26:37 AM / info -> Merging: /Volumes/Freebox/Nanny/1700472397167.avi
11/24/2023 12:15:04 AM / info -> Capturing 1/2: /Volumes/Freebox/Nanny/1700781304507.avi
